<?xml version="1.0" encoding="UTF-8"?>
<!-- Generated by org.testng.reporters.JUnitReportReporter -->
<testsuite hostname="EPINHYDW12D7" failures="0" tests="2" name="runners.TestRunner" time="14.840" errors="0" timestamp="2025-05-19T22:26:02 IST" skipped="0">
  <testcase classname="runners.TestRunner" name="runScenario" time="8.157"/>
  <testcase classname="runners.TestRunner" name="runScenario" time="6.683"/>
</testsuite> <!-- runners.TestRunner -->
